2025-11-05 14:39:22,682 [WARNING] PyNaCl is not installed, voice will NOT be supported
2025-11-05 14:39:22,683 [WARNING] ⚠️ session.json not found, using fallback session
2025-11-05 14:39:22,684 [INFO] logging in using static token
2025-11-05 14:39:24,281 [INFO] Shard ID None has connected to Gateway (Session ID: 02e7f8127bae8ace604e744a2a0b7187).
2025-11-05 14:39:26,322 [INFO] Bot logged in as The Goat#3906
2025-11-05 14:39:26,322 [INFO] Session-based mode: ENABLED
2025-11-05 14:39:26,322 [INFO] Active sessions: 0
2025-11-05 14:39:26,323 [INFO] Screenshot feature: ENABLED
2025-11-05 14:39:26,323 [INFO] Check interval: 0-1 minutes
2025-11-05 14:39:26,323 [WARNING] ⚠️ WARNING: No sessions loaded, using fallback session
2025-11-05 14:39:26,323 [INFO] Resuming monitoring for @angeloo
2025-11-05 14:39:26,323 [INFO] Resuming monitoring for @_yotv_
2025-11-05 14:39:26,323 [INFO] Resuming monitoring for @wetkittycity
2025-11-05 14:39:26,323 [INFO] Started monitoring @angeloo
2025-11-05 14:39:26,323 [INFO] Started monitoring @_yotv_
2025-11-05 14:39:26,323 [INFO] Started monitoring @wetkittycity
2025-11-05 14:39:30,644 [INFO] [@wetkittycity] HTTP 200 via proxy (retry: 0)
2025-11-05 14:39:30,644 [INFO] [@wetkittycity] response received, but username mismatch - possibly banned
2025-11-05 14:39:30,644 [INFO] [@wetkittycity] Next check in 89 seconds
2025-11-05 14:39:31,799 [INFO] [@angeloo] HTTP 200 via proxy (retry: 0)
2025-11-05 14:39:31,919 [INFO] [@angeloo] ✅ Success - Profile fetched
2025-11-05 14:39:31,919 [INFO] [@angeloo] Account recovered after 5.6s
2025-11-05 14:39:32,088 [INFO] [@_yotv_] HTTP 200 via proxy (retry: 0)
2025-11-05 14:39:32,310 [INFO] [@_yotv_] ✅ Success - Profile fetched
2025-11-05 14:39:32,310 [INFO] [@_yotv_] Account recovered after 6.0s
2025-11-05 14:41:03,351 [INFO] [@wetkittycity] HTTP 200 via proxy (retry: 0)
2025-11-05 14:41:03,351 [INFO] [@wetkittycity] response received, but username mismatch - possibly banned
2025-11-05 14:41:03,351 [INFO] [@wetkittycity] Next check in 71 seconds
2025-11-05 14:42:20,070 [INFO] [@wetkittycity] HTTP 200 via proxy (retry: 0)
2025-11-05 14:42:20,071 [INFO] [@wetkittycity] response received, but username mismatch - possibly banned
2025-11-05 14:42:20,071 [INFO] [@wetkittycity] Next check in 55 seconds
2025-11-05 14:43:18,223 [INFO] [@wetkittycity] HTTP 200 via proxy (retry: 0)
2025-11-05 14:43:18,223 [INFO] [@wetkittycity] response received, but username mismatch - possibly banned
2025-11-05 14:43:18,223 [INFO] [@wetkittycity] Next check in 63 seconds
2025-11-05 14:44:24,456 [INFO] [@wetkittycity] HTTP 401 via proxy (retry: 0)
2025-11-05 14:44:24,456 [WARNING] [@wetkittycity] Auth error (401) - rotating session
2025-11-05 14:44:24,456 [WARNING] ⚠️ No sessions available, using fallback
2025-11-05 14:46:03,629 [INFO] Retry 1/3 for @wetkittycity after 88.3s delay
2025-11-05 14:47:35,972 [INFO] [@wetkittycity] HTTP 200 via proxy (retry: 1)
2025-11-05 14:47:35,972 [INFO] [@wetkittycity] response received, but username mismatch - possibly banned
2025-11-05 14:47:35,973 [INFO] [@wetkittycity] Next check in 77 seconds
2025-11-05 14:48:56,274 [INFO] [@wetkittycity] HTTP 200 via proxy (retry: 0)
2025-11-05 14:48:56,274 [INFO] [@wetkittycity] response received, but username mismatch - possibly banned
2025-11-05 14:48:56,274 [INFO] [@wetkittycity] Next check in 84 seconds
2025-11-05 14:49:35,776 [INFO] [@zuck] HTTP 401 via proxy (retry: 0)
2025-11-05 14:49:35,776 [WARNING] [@zuck] Auth error (401) - rotating session
2025-11-05 14:49:35,776 [WARNING] ⚠️ No sessions available, using fallback
2025-11-05 14:50:05,472 [INFO] [@zuck] HTTP 200 via proxy (retry: 0)
2025-11-05 14:50:05,695 [INFO] [@zuck] ✅ Success - Profile fetched
2025-11-05 14:50:06,176 [INFO] Started monitoring @zuck
2025-11-05 14:50:10,557 [INFO] [@zuck] HTTP 200 via proxy (retry: 0)
2025-11-05 14:50:10,763 [INFO] [@zuck] ✅ Success - Profile fetched
2025-11-05 14:50:10,763 [INFO] [@zuck] Account recovered after 4.6s
2025-11-05 14:50:23,180 [INFO] [@wetkittycity] HTTP 200 via proxy (retry: 0)
2025-11-05 14:50:23,180 [INFO] [@wetkittycity] response received, but username mismatch - possibly banned
2025-11-05 14:50:23,180 [INFO] [@wetkittycity] Next check in 98 seconds
2025-11-05 14:50:54,368 [INFO] Retry 1/3 for @zuck after 86.0s delay
2025-11-05 14:51:49,901 [INFO] [@dinar] HTTP 200 via proxy (retry: 0)
2025-11-05 14:51:49,901 [INFO] [@dinar] response received, but username mismatch - possibly banned
2025-11-05 14:51:50,321 [INFO] Started ban monitoring for @dinar
2025-11-05 14:51:53,298 [INFO] [@dinar] HTTP 200 via proxy (retry: 0)
2025-11-05 14:51:53,298 [INFO] [@dinar] response received, but username mismatch - possibly banned
2025-11-05 14:51:53,298 [WARNING] [@dinar] 🚫 200 but NO user data - Account BANNED
2025-11-05 14:51:53,298 [INFO] [@dinar] 🚫 BAN DETECTED after 3.0s
2025-11-05 14:52:03,801 [INFO] [@wetkittycity] HTTP 200 via proxy (retry: 0)
2025-11-05 14:52:03,801 [INFO] [@wetkittycity] response received, but username mismatch - possibly banned
2025-11-05 14:52:03,801 [INFO] [@wetkittycity] Next check in 48 seconds
2025-11-05 14:52:25,380 [INFO] [@zuck] HTTP 200 via proxy (retry: 1)
2025-11-05 14:52:25,626 [INFO] [@zuck] ✅ Success - Profile fetched
2025-11-05 14:52:26,058 [INFO] Started monitoring @zuck
2025-11-05 14:52:32,724 [INFO] [@zuck] HTTP 200 via proxy (retry: 0)
2025-11-05 14:52:32,916 [INFO] [@zuck] ✅ Success - Profile fetched
2025-11-05 14:52:32,916 [INFO] [@zuck] Account recovered after 6.9s
2025-11-05 14:52:57,205 [INFO] [@wetkittycity] HTTP 200 via proxy (retry: 0)
2025-11-05 14:52:57,205 [INFO] [@wetkittycity] response received, but username mismatch - possibly banned
2025-11-05 14:52:57,205 [INFO] [@wetkittycity] Next check in 77 seconds
2025-11-05 14:54:18,699 [INFO] [@wetkittycity] HTTP 200 via proxy (retry: 0)
2025-11-05 14:54:18,699 [INFO] [@wetkittycity] response received, but username mismatch - possibly banned
2025-11-05 14:54:18,699 [INFO] [@wetkittycity] Next check in 64 seconds
2025-11-05 15:15:50,094 [INFO] Shard ID None has successfully RESUMED session 02e7f8127bae8ace604e744a2a0b7187.
2025-11-05 16:36:16,125 [INFO] Shard ID None has successfully RESUMED session 02e7f8127bae8ace604e744a2a0b7187.
2025-11-05 18:39:47,451 [INFO] Shard ID None has successfully RESUMED session 02e7f8127bae8ace604e744a2a0b7187.
2025-11-05 19:03:59,192 [INFO] Shard ID None has successfully RESUMED session 02e7f8127bae8ace604e744a2a0b7187.
2025-11-05 19:59:45,550 [ERROR] [@meta] Timeout error
2025-11-05 19:59:45,551 [INFO] Retry 1/3 for @meta after 77.2s delay
2025-11-05 20:01:10,730 [INFO] [@meta] HTTP 200 via proxy (retry: 1)
2025-11-05 20:01:10,932 [INFO] [@meta] ✅ Success - Profile fetched
2025-11-05 20:01:11,389 [INFO] Started monitoring @meta
2025-11-05 20:01:16,349 [INFO] [@meta] HTTP 200 via proxy (retry: 0)
2025-11-05 20:01:16,405 [INFO] [@meta] ✅ Success - Profile fetched
2025-11-05 20:01:16,405 [INFO] [@meta] Account recovered after 5.0s
2025-11-05 20:15:05,598 [WARNING] PyNaCl is not installed, voice will NOT be supported
2025-11-05 20:15:05,598 [WARNING] ⚠️ session.json not found, using fallback session
2025-11-05 20:15:05,599 [INFO] logging in using static token
2025-11-05 20:15:07,586 [INFO] Shard ID None has connected to Gateway (Session ID: 4df2bc81e357fbfc51f4982fc3ea8603).
2025-11-05 20:15:09,591 [INFO] Bot logged in as Qjih Agency#1049
2025-11-05 20:15:09,591 [INFO] Session-based mode: ENABLED
2025-11-05 20:15:09,591 [INFO] Active sessions: 0
2025-11-05 20:15:09,592 [INFO] Screenshot feature: ENABLED
2025-11-05 20:15:09,592 [INFO] Check interval: 2-5 minutes
2025-11-05 20:15:09,592 [WARNING] ⚠️ WARNING: No sessions loaded, using fallback session
2025-11-05 20:15:14,735 [WARNING] PyNaCl is not installed, voice will NOT be supported
2025-11-05 20:15:14,735 [WARNING] ⚠️ session.json not found, using fallback session
2025-11-05 20:15:14,736 [INFO] logging in using static token
2025-11-05 20:15:16,557 [INFO] Shard ID None has connected to Gateway (Session ID: d1ff456eb1f9d92a5481d81bb0c515b3).
2025-11-05 20:15:18,572 [INFO] Bot logged in as Raaz’s monitor bot#9103
2025-11-05 20:15:18,572 [INFO] Session-based mode: ENABLED
2025-11-05 20:15:18,573 [INFO] Active sessions: 0
2025-11-05 20:15:18,573 [INFO] Screenshot feature: ENABLED
2025-11-05 20:15:18,573 [INFO] Check interval: 2-5 minutes
2025-11-05 20:15:18,573 [WARNING] ⚠️ WARNING: No sessions loaded, using fallback session
2025-11-05 20:15:25,841 [WARNING] PyNaCl is not installed, voice will NOT be supported
2025-11-05 20:15:25,842 [WARNING] ⚠️ session.json not found, using fallback session
2025-11-05 20:15:25,842 [INFO] logging in using static token
2025-11-05 20:15:27,487 [INFO] Shard ID None has connected to Gateway (Session ID: db707260f0f75f6b56a2c3c11a90683f).
2025-11-05 20:15:29,497 [INFO] Bot logged in as Rise Blue Media’s Bot#6416
2025-11-05 20:15:29,497 [INFO] Session-based mode: ENABLED
2025-11-05 20:15:29,497 [INFO] Active sessions: 0
2025-11-05 20:15:29,497 [INFO] Screenshot feature: ENABLED
2025-11-05 20:15:29,497 [INFO] Check interval: 2-5 minutes
2025-11-05 20:15:29,497 [WARNING] ⚠️ WARNING: No sessions loaded, using fallback session
2025-11-05 20:15:58,552 [WARNING] PyNaCl is not installed, voice will NOT be supported
2025-11-05 20:15:58,553 [WARNING] ⚠️ session.json not found, using fallback session
2025-11-05 20:15:58,554 [INFO] logging in using static token
2025-11-05 20:16:00,504 [INFO] Shard ID None has connected to Gateway (Session ID: 695b4e73f325fc3e6ad2462ecd98008c).
2025-11-05 20:16:02,518 [INFO] Bot logged in as The Goat#3906
2025-11-05 20:16:02,518 [INFO] Session-based mode: ENABLED
2025-11-05 20:16:02,518 [INFO] Active sessions: 0
2025-11-05 20:16:02,519 [INFO] Screenshot feature: DISABLED
2025-11-05 20:16:02,519 [INFO] Check interval: 0-1 minutes
2025-11-05 20:16:02,519 [WARNING] ⚠️ WARNING: No sessions loaded, using fallback session
