2025-11-05 04:04:56,494 [WARNING] PyNaCl is not installed, voice will NOT be supported
2025-11-05 04:04:56,494 [INFO] ✅ Loaded 1 sessions
2025-11-05 04:04:56,499 [INFO] logging in using static token
2025-11-05 04:04:59,273 [INFO] Shard ID None has connected to Gateway (Session ID: d16f58ae3ea1c01c1ab2cbfd9a0cb54e).
2025-11-05 04:05:01,277 [INFO] Bot logged in as The Goat#3906
2025-11-05 04:05:01,277 [INFO] Session-based mode: ENABLED
2025-11-05 04:05:01,277 [INFO] Active sessions: 1
2025-11-05 04:05:01,277 [INFO] Screenshot feature: ENABLED
2025-11-05 04:05:01,277 [INFO] Check interval: 0-1 minutes
2025-11-05 04:05:35,926 [INFO] Shutting down bot...
2025-11-05 11:43:13,681 [WARNING] PyNaCl is not installed, voice will NOT be supported
2025-11-05 11:43:13,683 [INFO] ✅ Loaded 1 sessions
2025-11-05 11:43:13,684 [INFO] logging in using static token
2025-11-05 11:43:15,344 [INFO] Shard ID None has connected to Gateway (Session ID: d93a7e8a8edf21fd48309409fe7bad09).
2025-11-05 11:43:17,347 [INFO] Bot logged in as Qjih Agency#1049
2025-11-05 11:43:17,347 [INFO] Working directory: /root/MonitorBot/ash
2025-11-05 11:43:17,347 [INFO] Session-based mode: ENABLED
2025-11-05 11:43:17,347 [INFO] Active sessions: 1
2025-11-05 11:43:17,347 [INFO] Screenshot feature: ENABLED
2025-11-05 11:43:17,347 [INFO] Check interval: 0-1 minutes
2025-11-05 12:38:50,840 [INFO] 💾 Saved 0 sessions
2025-11-05 12:38:50,854 [INFO] 🗑️ Removed session (remaining: 0)
2025-11-05 12:44:55,005 [INFO] [@meta] HTTP 200 via proxy (retry: 0)
2025-11-05 12:44:55,261 [INFO] [@meta] ✅ Success - Profile fetched
2025-11-05 12:44:55,725 [INFO] Started monitoring @meta
2025-11-05 12:45:02,122 [INFO] [@meta] HTTP 200 via proxy (retry: 0)
2025-11-05 12:45:02,340 [INFO] [@meta] ✅ Success - Profile fetched
2025-11-05 12:45:02,341 [INFO] [@meta] Account recovered after 6.6s
2025-11-05 12:57:30,927 [INFO] Shard ID None has successfully RESUMED session d93a7e8a8edf21fd48309409fe7bad09.
2025-11-05 13:06:27,803 [INFO] Shard ID None has successfully RESUMED session d93a7e8a8edf21fd48309409fe7bad09.
2025-11-05 14:13:59,357 [INFO] [@tanmyz] HTTP 200 via proxy (retry: 0)
2025-11-05 14:13:59,357 [INFO] [@tanmyz] ✅ Success - Profile fetched
2025-11-05 14:13:59,783 [INFO] Started monitoring @tanmyz
2025-11-05 14:14:05,619 [INFO] [@tanmyz] HTTP 200 via proxy (retry: 0)
2025-11-05 14:14:05,619 [INFO] [@tanmyz] ✅ Success - Profile fetched
2025-11-05 14:14:05,619 [INFO] [@tanmyz] Account recovered after 5.8s
2025-11-05 17:04:46,632 [INFO] Shard ID None has successfully RESUMED session d93a7e8a8edf21fd48309409fe7bad09.
2025-11-05 19:39:48,152 [INFO] Shard ID None has successfully RESUMED session d93a7e8a8edf21fd48309409fe7bad09.
