2025-11-05 11:51:50,414 [WARNING] PyNaCl is not installed, voice will NOT be supported
2025-11-05 11:51:50,415 [INFO] ✅ Loaded 1 sessions
2025-11-05 11:51:50,416 [INFO] logging in using static token
2025-11-05 11:51:51,948 [INFO] Shard ID None has connected to Gateway (Session ID: b07ccaa9d3ded05bf25ef63cad2dbe78).
2025-11-05 11:51:53,949 [INFO] Bot logged in as Rise Blue Media’s Bot#6416
2025-11-05 11:51:53,949 [INFO] Working directory: /root/MonitorBot/rise
2025-11-05 11:51:53,949 [INFO] Session-based mode: ENABLED
2025-11-05 11:51:53,950 [INFO] Active sessions: 1
2025-11-05 11:51:53,950 [INFO] Screenshot feature: ENABLED
2025-11-05 11:51:53,950 [INFO] Check interval: 0-1 minutes
2025-11-05 12:38:57,478 [INFO] 💾 Saved 0 sessions
2025-11-05 12:38:57,492 [INFO] 🗑️ Removed session (remaining: 0)
2025-11-05 12:44:54,180 [INFO] [@meta] HTTP 200 via proxy (retry: 0)
2025-11-05 12:44:54,424 [INFO] [@meta] ✅ Success - Profile fetched
2025-11-05 12:44:54,864 [INFO] Started monitoring @meta
2025-11-05 12:45:00,900 [INFO] [@meta] HTTP 200 via proxy (retry: 0)
2025-11-05 12:45:01,309 [INFO] [@meta] ✅ Success - Profile fetched
2025-11-05 12:45:01,310 [INFO] [@meta] Account recovered after 6.4s
2025-11-05 14:13:58,877 [INFO] [@tanmyz] HTTP 401 via proxy (retry: 0)
2025-11-05 14:13:58,878 [WARNING] [@tanmyz] Auth error (401) - rotating session
2025-11-05 14:13:58,878 [WARNING] ⚠️ No sessions available, using fallback
2025-11-05 14:15:10,142 [INFO] Retry 1/3 for @tanmyz after 81.8s delay
2025-11-05 14:16:37,470 [INFO] [@tanmyz] HTTP 200 via proxy (retry: 1)
2025-11-05 14:16:37,471 [INFO] [@tanmyz] ✅ Success - Profile fetched
2025-11-05 14:16:37,934 [INFO] Started monitoring @tanmyz
2025-11-05 14:16:42,105 [INFO] [@tanmyz] HTTP 200 via proxy (retry: 0)
2025-11-05 14:16:42,108 [INFO] [@tanmyz] ✅ Success - Profile fetched
2025-11-05 14:16:42,108 [INFO] [@tanmyz] Account recovered after 4.2s
2025-11-05 14:47:52,288 [INFO] Shard ID None has successfully RESUMED session b07ccaa9d3ded05bf25ef63cad2dbe78.
2025-11-05 16:17:34,106 [INFO] Shard ID None has successfully RESUMED session b07ccaa9d3ded05bf25ef63cad2dbe78.
2025-11-05 17:52:42,024 [INFO] Shard ID None has successfully RESUMED session b07ccaa9d3ded05bf25ef63cad2dbe78.
2025-11-05 19:00:43,812 [INFO] Shard ID None has successfully RESUMED session b07ccaa9d3ded05bf25ef63cad2dbe78.
2025-11-05 20:12:45,814 [INFO] Shard ID None has successfully RESUMED session b07ccaa9d3ded05bf25ef63cad2dbe78.
