2025-11-05 11:25:45,271 [WARNING] PyNaCl is not installed, voice will NOT be supported
2025-11-05 11:25:45,272 [INFO] ✅ Loaded 1 sessions
2025-11-05 11:25:45,272 [INFO] logging in using static token
2025-11-05 11:25:46,951 [INFO] Shard ID None has connected to Gateway (Session ID: 4d1b70876fc896e293c0d2547e107563).
2025-11-05 11:25:48,954 [INFO] Bot logged in as Rengen Monitor#4934
2025-11-05 11:25:48,954 [INFO] Session-based mode: ENABLED
2025-11-05 11:25:48,954 [INFO] Active sessions: 1
2025-11-05 11:25:48,954 [INFO] Screenshot feature: ENABLED
2025-11-05 11:25:48,954 [INFO] Check interval: 0-1 minutes
2025-11-05 11:25:52,351 [INFO] Shutting down bot...
2025-11-05 11:35:58,746 [WARNING] PyNaCl is not installed, voice will NOT be supported
2025-11-05 11:35:58,747 [INFO] ✅ Loaded 1 sessions
2025-11-05 11:35:58,748 [INFO] logging in using static token
2025-11-05 11:36:00,494 [INFO] Shard ID None has connected to Gateway (Session ID: 20abe89040100cf121f321cced69df09).
2025-11-05 11:36:02,496 [INFO] Bot logged in as Rengen Monitor#4934
2025-11-05 11:36:02,496 [INFO] Working directory: /root/MonitorBot/raz
2025-11-05 11:36:02,497 [INFO] Session-based mode: ENABLED
2025-11-05 11:36:02,497 [INFO] Active sessions: 1
2025-11-05 11:36:02,497 [INFO] Screenshot feature: ENABLED
2025-11-05 11:36:02,497 [INFO] Check interval: 0-1 minutes
2025-11-05 11:37:15,429 [WARNING] PyNaCl is not installed, voice will NOT be supported
2025-11-05 11:37:15,430 [INFO] ✅ Loaded 1 sessions
2025-11-05 11:37:15,430 [INFO] logging in using static token
2025-11-05 11:37:17,026 [INFO] Shard ID None has connected to Gateway (Session ID: 45b0200966f2a5bfdd9e165d9a40b413).
2025-11-05 11:37:19,042 [INFO] Bot logged in as Rengen Monitor#4934
2025-11-05 11:37:19,042 [INFO] Working directory: /root/MonitorBot/raz
2025-11-05 11:37:19,042 [INFO] Session-based mode: ENABLED
2025-11-05 11:37:19,042 [INFO] Active sessions: 1
2025-11-05 11:37:19,042 [INFO] Screenshot feature: ENABLED
2025-11-05 11:37:19,042 [INFO] Check interval: 0-1 minutes
2025-11-05 11:37:35,754 [INFO] Shutting down bot...
2025-11-05 11:38:58,231 [WARNING] PyNaCl is not installed, voice will NOT be supported
2025-11-05 11:38:58,232 [INFO] ✅ Loaded 1 sessions
2025-11-05 11:38:58,233 [INFO] logging in using static token
2025-11-05 11:39:00,051 [INFO] Shard ID None has connected to Gateway (Session ID: f6a58b365d93db0b97af7a0fe7d2f96d).
2025-11-05 11:39:02,093 [INFO] Bot logged in as Raaz’s monitor bot#9103
2025-11-05 11:39:02,093 [INFO] Working directory: /root/MonitorBot/raz
2025-11-05 11:39:02,093 [INFO] Session-based mode: ENABLED
2025-11-05 11:39:02,094 [INFO] Active sessions: 1
2025-11-05 11:39:02,094 [INFO] Screenshot feature: ENABLED
2025-11-05 11:39:02,094 [INFO] Check interval: 0-1 minutes
2025-11-05 11:58:36,891 [INFO] Shard ID None has successfully RESUMED session f6a58b365d93db0b97af7a0fe7d2f96d.
2025-11-05 12:38:43,629 [INFO] 💾 Saved 0 sessions
2025-11-05 12:38:43,629 [INFO] 🗑️ Removed session (remaining: 0)
2025-11-05 12:44:55,229 [INFO] [@meta] HTTP 200 via proxy (retry: 0)
2025-11-05 12:44:55,479 [INFO] [@meta] ✅ Success - Profile fetched
2025-11-05 12:44:55,955 [INFO] Started monitoring @meta
2025-11-05 12:45:00,751 [INFO] [@meta] HTTP 200 via proxy (retry: 0)
2025-11-05 12:45:00,868 [INFO] [@meta] ✅ Success - Profile fetched
2025-11-05 12:45:00,868 [INFO] [@meta] Account recovered after 4.9s
2025-11-05 14:13:59,476 [INFO] [@tanmyz] HTTP 200 via proxy (retry: 0)
2025-11-05 14:13:59,477 [INFO] [@tanmyz] ✅ Success - Profile fetched
2025-11-05 14:13:59,922 [INFO] Started monitoring @tanmyz
2025-11-05 14:14:03,878 [INFO] [@tanmyz] HTTP 200 via proxy (retry: 0)
2025-11-05 14:14:03,879 [INFO] [@tanmyz] ✅ Success - Profile fetched
2025-11-05 14:14:03,879 [INFO] [@tanmyz] Account recovered after 4.0s
2025-11-05 14:17:46,503 [INFO] Shard ID None has successfully RESUMED session f6a58b365d93db0b97af7a0fe7d2f96d.
2025-11-05 17:56:49,995 [INFO] Shard ID None has successfully RESUMED session f6a58b365d93db0b97af7a0fe7d2f96d.
